[23:44:47] [main/INFO]: Setting user: Player992
[23:44:48] [Client thread/INFO]: LWJGL Version: 2.9.1
[23:44:56] [Client thread/INFO]: Reloading ResourceManager: Default, FMLFileResourcePack:Forge Mod Loader, FMLFileResourcePack:Minecraft Forge, FMLFileResourcePack:Daylies!
[23:44:57] [Sound Library Loader/INFO]: Sound engine started
[23:44:58] [Client thread/INFO]: Created: 16x16 textures/blocks-atlas
[23:44:58] [Client thread/INFO]: Created: 16x16 textures/items-atlas
[23:44:58] [Client thread/INFO]: Reloading ResourceManager: Default, FMLFileResourcePack:Forge Mod Loader, FMLFileResourcePack:Minecraft Forge, FMLFileResourcePack:Daylies!
[23:44:58] [Client thread/INFO]: Created: 512x256 textures/blocks-atlas
[23:44:58] [Client thread/INFO]: Created: 256x256 textures/items-atlas
[23:44:59] [Sound Library Loader/INFO]: Sound engine started
[23:49:40] [Client thread/INFO]: Stopping!
necraft server version 1.7.10
[23:49:15] [Server thread/INFO]: Loading properties
[23:49:15] [Server thread/WARN]: server.properties [23:49:20] [Client thread/INFO]: Reloading ResourceManager: Default, FMLFileResourcePack:Forge Mod Loader, FMLFileResourcePack:Minecraft Forge, FMLFileResourcePack:Daylies!
[23:49:21] [Sound Library Loader/INFO]: Sound engine started
[23:49:21] [Client thread/INFO]: Created: 16x16 textures/blocks-atlas
[23:49:21] [Client thread/INFO]: Created: 16x16 textures/items-atlas
[23:49:21] [Client thread/INFO]: Reloading ResourceManager: Default, FMLFileResourcePack:Forge Mod Loader, FMLFileResourcePack:Minecraft Forge, FMLFileResourcePack:Daylies!
[23:49:22] [Client thread/INFO]: Created: 512x256 textures/blocks-atlas
[23:49:22] [Client thread/INFO]: Created: 256x256 textures/items-atlas
[23:49:22] [Sound Library Loader/INFO]: Sound engine started
[23:49:41] [Client thread/INFO]: Stopping!
[23:49:47] [main/INFO]: Setting user: Player396
[23:49:49] [Client thread/INFO]: LWJGL Version: 2.9.1
[23:50:05] [Client thread/INFO]: Reloading ResourceManager: Default, FMLFil[23:50:05] [Server thread/INFO]: Loading properties
[23:50:05] [Server thread/INFO]: Default game [23:5[23:50:21] [Client thread/INFO]: Reloading ResourceManager: Default, FMLFileResourcePack:Forge Mod Loader, FMLFileResourcePack:Minecraft Forge, FMLFileResourcePack:Daylies!
[23:50:22] [Sound Library Loader/INFO]: Sound engine started
[23:50:23] [Client thread/INFO]: Created: 16x16 textures/blocks-atlas
[23:50:23] [Client thread/INFO]: Created: 16x16 textures/items-atlas
[23:50:23] [Client thread/INFO]: Reloading ResourceManager: Default, FMLFileResourcePack:Forge Mod Loader, FMLFileResourcePack:Minecraft Forge, FMLFileResourcePack:Daylies!
[23:50:23] [Client thread/INFO]: Created: 512x256 textures/blocks-atlas
[23:50:23] [Client thread/INFO]: Created: 256x256 textures/items-atlas
[23:50:24] [Sound Library Loader/INFO]: Sound engine started
[23:50:33] [Client thread/INFO]: Connecting to localhost, 25565
[23:51:52] [Client thread/INFO]: Connecting to localhost, 25565
[23:52:03] [Client thread/INFO]: [CHAT] Player648 has just earned the achievement [Taking Inventory]
[23:52:28] [Client thread/INFO]: Connecting to localhost, 25565
[23:52:29] [Client thread/INFO]: Connecting to localhost, 25565
[23:52:31] [Client thread/INFO]: Connecting to localhost, 25565
[23:52:58] [Client thread/INFO]: [CHAT] Player648 left the game
[23:52:59] [Client thread/INFO]: [CHAT] Player648 left the game
[23:54:07] [Client thread/INFO]: Connecting to localhost, 25565
[23:55:26] [Client thread/INFO]: Stopping!
t java.io.FileInputStream.open(Unknown Source) ~[?:1.8.0_131]
	at java.io.FileInputStream.<init>(Unknown Source) ~[?:1.8.0_131]
	at com.google.common.io.Files.newReader(Files.java:86) ~[guava-17.0.jar:?]
	at net.minecraft.server.management.UserList.func_152679_g(UserList.java:195) ~[UserList.class:?]
	at net.minecraft.server.dedicated.DedicatedPlayerList.func_152619_x(DedicatedPlayerList.java:112) [DedicatedPlayerList.class:?]
	at net.minecraft.server.dedicated.DedicatedPlayerList.<init>(DedicatedPlayerList.java:33) [DedicatedPlayerList.class:?]
	at net.minecraft.server.dedicated.DedicatedServer.startServer(DedicatedServer.java:214) [DedicatedServer.class:?]
	at net.minecraft.server.MinecraftServer.run(MinecraftServer.java:445) [MinecraftServer.class:?]
	at net.minecraft.server.MinecraftServer$2.run(MinecraftServer.java:752) [MinecraftServer$2.class:?]
[23:50:06] [Server thread/WARN]: Failed to load operators list: 
java.io.FileNotFoundException: ops.json (Не удается найти указанный файл)
	at java.io.FileInputStream.open0(Native Method) ~[?:1.8.0_131]
	at java.io.FileInputStream.open(Unknown Source) ~[?:1.8.0_131]
	at java.io.FileInputStream.<init>(Unknown Source) ~[?:1.8.0_131]
	at com.google.common.io.Files.newReader(Files.java:86) ~[guava-17.0.jar:?]
	at net.minecraft.server.management.UserList.func_152679_g(UserList.java:195) ~[UserList.class:?]
	at net.minecraft.server.dedicated.DedicatedPlayerList.loadOpsList(DedicatedPlayerList.java:136) [DedicatedPlayerList.class:?]
	at net.minecraft.server.dedicated.DedicatedPlayerList.<init>(DedicatedPlayerList.java:35) [DedicatedPlayerList.class:?]
	at net.minecraft.server.dedicated.DedicatedServer.startServer(DedicatedServer.java:214) [DedicatedServer.class:?]
	at net.minecraft.server.MinecraftServer.run(MinecraftServer.java:445) [MinecraftServer.class:?]
	at net.minecraft.server.MinecraftServer$2.run(MinecraftServer.java:752) [MinecraftServer$2.class:?]
[23:50:06] [Server thread/WARN]: Failed to load white-list: 
java.io.FileNotFoundException: whitelist.json (Не удается найти указанный файл)
	at java.io.FileInputStream.open0(Native Method) ~[?:1.8.0_131]
	at java.io.FileInputStream.open(Unknown Source) ~[?:1.8.0_131]
	at java.io.FileInputStream.<init>(Unknown Source) ~[?:1.8.0_131]
	at com.google.common.io.Files.newReader(Files.java:86) ~[guava-17.0.jar:?]
	at net.minecraft.server.management.UserList.func_152679_g(UserList.java:195) ~[UserList.class:?]
	at net.minecraft.server.dedicated.DedicatedPlayerList.readWhiteList(DedicatedPlayerList.java:160) [DedicatedPlayerList.class:?]
	at net.minecraft.server.dedicated.DedicatedPlayerList.<init>(DedicatedPlayerList.java:36) [DedicatedPlayerList.class:?]
	at net.minecraft.server.dedicated.DedicatedServer.startServer(DedicatedServer.java:214) [DedicatedServer.class:?]
	at net.minecraft.server.MinecraftServer.run(MinecraftServer.java:445) [MinecraftServer.class:?]
	at net.minecraft.server.MinecraftServer$2.run(MinecraftServer.java:752) [MinecraftServer$2.class:?]
[23:50:06] [Server thread/INFO]: Preparing level "world"
[23:50:07] [Server thread/INFO]: Preparing start region for level 0
[23:50:08] [Server thread/INFO]: Preparing spawn area: 4%
[23:50:09] [Server thread/INFO]: Preparing spawn area: 12%
[23:50:10] [Server thread/INFO]: Preparing spawn area: 21%
[23:50:11] [Server thread/INFO]: Preparing spawn area: 33%
[23:50:12] [Server thread/INFO]: Preparing spawn area: 41%
[23:50:13] [Server thread/INFO]: Preparing spawn area: 48%
[23:50:14] [Server thread/INFO]: Preparing spawn area: 53%
[23:50:15] [Server thread/INFO]: Preparing spawn area: 62%
[23:50:16] [Server thread/INFO]: Preparing spawn area: 70%
[23:50:17] [Server thread/INFO]: Preparing spawn area: 79%
[23:50:18] [Server thread/INFO]: Preparing spawn area: 89%
[23:50:19] [Server thread/INFO]: Preparing spawn area: 97%
[23:50:19] [Server thread/INFO]: Done (13,276s)! For help, type "help" or "?"
[23:50:35] [Server thread/INFO]: com.mojang.authlib.GameProfile@34dea7d7[id=<null>,name=Player648,properties={},legacy=false] (/127.0.0.1:52402) lost connection: Disconnected
[23:51:10] [Server thread/INFO]: Stopping server
[23:51:10] [Server thread/INFO]: Saving players
[23:51:10] [Server thread/INFO]: Saving worlds
[23:51:10] [Server thread/INFO]: Saving chunks for level 'world'/Overworld
[23:51:10] [Server thread/INFO]: Saving chunks for level 'world'/Nether
[23:51:10] [Server thread/INFO]: Saving chunks for level 'world'/The End
[23:51:29] [Server thread/INFO]: Starting minecraft server version 1.7.10
[23:51:38] [Server thread/INFO]: Loading properties
[23:51:38] [Server thread/INFO]: Default game type: SURVIVAL
[23:51:38] [Server thread/INFO]: Generating keypair
[23:51:39] [Server thread/INFO]: Starting Minecraft server on *:25565
[23:51:39] [Server thread/WARN]: **** SERVER IS RUNNING IN OFFLINE/INSECURE MODE!
[23:51:39] [Server thread/WARN]: The server will make no attempt to authenticate usernames. Beware.
[23:51:39] [Server thread/WARN]: While this makes the game possible to play without internet access, it also opens up the ability for hackers to connect with any username they choose.
[23:51:39] [Server thread/WARN]: To change this, set "online-mode" to "true" in the server.properties file.
[23:51:39] [Server thread/INFO]: Preparing level "world"
[23:51:39] [Server thread/INFO]: Preparing start region for level 0
[23:51:40] [Server thread/INFO]: Preparing spawn area: 70%
[23:51:40] [Server thread/INFO]: Done (1,465s)! For help, type "help" or "?"
[23:51:52] [Server thread/INFO]: Player648[/127.0.0.1:52551] logged in with entity id 117 at (212.5, 70.0, 63.5)
[23:51:52] [Server thread/INFO]: Player648 joined the game
[23:52:03] [Server thread/INFO]: Player648 has just earned the achievement [Taking Inventory]
[23:52:24] [Server thread/INFO]: Player648 lost connection: TextComponent{text='Disconnected', siblings=[], style=Style{hasParent=false, color=null, bold=null, italic=null, underlined=null, obfuscated=null, clickEvent=null, hoverEvent=null}}
[23:52:24] [Server thread/INFO]: Player648 left the game
[23:52:31] [Server thread/INFO]: Player648[/127.0.0.1:52595] logged in with entity id 2699 at (212.1073330424956, 70.0, 64.24538986815219)
[23:52:31] [Server thread/INFO]: Player648 joined the game
[23:52:58] [Server thread/INFO]: Player648 lost connection: TranslatableComponent{key='disconnect.timeout', args=[], siblings=[], style=Style{hasParent=false, color=null, bold=null, italic=null, underlined=null, obfuscated=null, clickEvent=null, hoverEvent=null}}
[23:52:58] [Server thread/INFO]: Player648 left the game
[23:52:59] [Server thread/INFO]: Player648 lost connection: TranslatableComponent{key='disconnect.timeout', args=[], siblings=[], style=Style{hasParent=false, color=null, bold=null, italic=null, underlined=null, obfuscated=null, clickEvent=null, hoverEvent=null}}
[23:52:59] [Server thread/INFO]: Player648 left the game
[23:53:32] [Server thread/INFO]: Stopping server
[23:53:32] [Server thread/INFO]: Saving players
[23:53:32] [Server thread/INFO]: Saving worlds
[23:53:32] [Server thread/INFO]: Saving chunks for level 'world'/Overworld
[23:53:32] [Server thread/INFO]: Saving chunks for level 'world'/Nether
[23:53:32] [Server thread/INFO]: Saving chunks for level 'world'/The End
[23:53:53] [Server thread/INFO]: Starting minecraft server version 1.7.10
[23:54:02] [Server thread/INFO]: Loading properties
[23:54:02] [Server thread/INFO]: Default game type: SURVIVAL
[23:54:02] [Server thread/INFO]: Generating keypair
[23:54:02] [Server thread/INFO]: Starting Minecraft server on *:25565
[23:54:03] [Server thread/WARN]: **** SERVER IS RUNNING IN OFFLINE/INSECURE MODE!
[23:54:03] [Server thread/WARN]: The server will make no attempt to authenticate usernames. Beware.
[23:54:03] [Server thread/WARN]: While this makes the game possible to play without internet access, it also opens up the ability for hackers to connect with any username they choose.
[23:54:03] [Server thread/WARN]: To change this, set "online-mode" to "true" in the server.properties file.
[23:54:03] [Server thread/INFO]: Preparing level "world"
[23:54:03] [Server thread/INFO]: Preparing start region for level 0
[23:54:04] [Server thread/INFO]: Preparing spawn area: 61%
[23:54:04] [Server thread/INFO]: Done (1,701s)! For help, type "help" or "?"
[23:54:07] [Server thread/INFO]: Player648[/127.0.0.1:52770] logged in with entity id 230 at (212.1073330424956, 70.0, 64.24538986815219)
[23:54:07] [Server thread/INFO]: Player648 joined the game
[23:54:50] [Server thread/INFO]: Stopping server
[23:54:50] [Server thread/INFO]: Saving players
[23:54:50] [Server thread/INFO]: Saving worlds
[23:54:50] [Server thread/INFO]: Saving chunks for level 'world'/Overworld
[23:54:50] [Server thread/INFO]: Saving chunks for level 'world'/Nether
[23:54:50] [Server thread/INFO]: Saving chunks for level 'world'/The End
[23:55:01] [Server thread/INFO]: Starting minecraft server version 1.7.10
[23:55:09] [Server thread/INFO]: Loading properties
[23:55:09] [Server thread/INFO]: Default game type: SURVIVAL
[23:55:09] [Server thread/INFO]: Generating keypair
[23:55:09] [Server thread/INFO]: Starting Minecraft server on *:25565
[23:55:09] [Server thread/WARN]: **** SERVER IS RUNNING IN OFFLINE/INSECURE MODE!
[23:55:09] [Server thread/WARN]: The server will make no attempt to authenticate usernames. Beware.
[23:55:09] [Server thread/WARN]: While this makes the game possible to play without internet access, it also opens up the ability for hackers to connect with any username they choose.
[23:55:09] [Server thread/WARN]: To change this, set "online-mode" to "true" in the server.properties file.
[23:55:10] [Server thread/INFO]: Preparing level "world"
[23:55:10] [Server thread/INFO]: Preparing start region for level 0
[23:55:11] [Server thread/INFO]: Preparing spawn area: 41%
[23:55:12] [Server thread/INFO]: Done (1,866s)! For help, type "help" or "?"
[23:56:19] [Server thread/INFO]: Player567[/127.0.0.1:53018] logged in with entity id 230 at (209.5, 70.0, 65.5)
[23:56:19] [Server thread/INFO]: Player567 joined the game
[23:56:29] [Server thread/INFO]: Player567 lost connection: TextComponent{text='Disconnected', siblings=[], style=Style{hasParent=false, color=null, bold=null, italic=null, underlined=null, obfuscated=null, clickEvent=null, hoverEvent=null}}
[23:56:29] [Server thread/INFO]: Player567 left the game
[23:58:50] [Server thread/INFO]: Player530[/127.0.0.1:53210] logged in with entity id 1951 at (211.5, 69.0, 50.5)
[23:58:50] [Server thread/INFO]: Player530 joined the game
[23:58:52] [Server thread/INFO]: Player530 has just earned the achievement [Taking Inventory]
[23:59:50] [Server thread/INFO]: Player530 lost connection: TranslatableComponent{key='disconnect.genericReason', args=[Internal Exception: java.io.IOException: Удаленный хост принудительно разорвал существующее подключение], siblings=[], style=Style{hasParent=false, color=null, bold=null, italic=null, underlined=null, obfuscated=null, clickEvent=null, hoverEvent=null}}
[23:59:50] [Server thread/INFO]: Player530 left the game
[23:59:52] [Server thread/INFO]: Stopping server
[23:59:52] [Server thread/INFO]: Saving players
[23:59:52] [Server thread/INFO]: Saving worlds
[23:59:52] [Server thread/INFO]: Saving chunks for level 'world'/Overworld
[23:59:52] [Server thread/INFO]: Saving chunks for level 'world'/Nether
[23:59:52] [Server thread/INFO]: Saving chunks for level 'world'/The End
rge, FMLFileResourcePack:Daylies!
[23:58:43] [Client thread/INFO]: Created: 512x256 textures/blocks-atlas
[23:58:43] [Client thread/INFO]: Created: 256x256 textures/items-atlas
[23:58:43] [Sound Library Loader/INFO]: Sound engine started
[23:58:50] [Client thread/INFO]: Connecting to localhost, 25565
[23:58:52] [Client thread/INFO]: [CHAT] Player530 has just earned the achievement [Taking Inventory]
[23:59:50] [Client thread/INFO]: Stopping!
[23:59:58] [main/INFO]: Setting user: Player530
