[18:16:12] [Server thread/INFO]: Starting minecraft server version 1.7.10
[18:16:32] [Server thread/INFO]: Loading properties
[18:16:32] [Server thread/INFO]: Default game t[18:16:37] [Client thread/INFO]: Reloading ResourceManager: Default, FMLFileResourcePack:Forge Mod Loader, FMLFileResourcePack:Minecraft Forge, FMLFileResourcePack:Daylies!, FMLFileResourcePack:IndustrialCraft 2
[18:16:41] [Sound Library Loader/INFO]: Sound engine started
[18:16:42] [Client thread/INFO]: Created: 16x16 textures/blocks-atlas
[18:16:42] [Client thread/INFO]: Created: 16x16 textures/items-atlas
[18:16:42] [Client thread/INFO]: Reloading ResourceManager: Default, FMLFileResourcePack:Forge Mod Loader, FMLFileResourcePack:Minecraft Forge, FMLFileResourcePack:Daylies!, FMLFileResourcePack:IndustrialCraft 2
[18:16:45] [Client thread/INFO]: Created: 1024x512 textures/blocks-atlas
[18:16:45] [Client thread/INFO]: Created: 512x512 textures/items-atlas
[18:16:46] [Sound Library Loader/INFO]: Sound engine started
[18:16:53] [Client thread/INFO]: Connecting t[18:16:53] [Server t[18:19:16] [Client thread/INFO]: Stopping!
in with entity id 217 at (195.20103537667512, 75.96844262445083, 53.60385637358325)
[18:16:53] [Server thread/INFO]: Notch joined the game
[18:17:58] [Server thread/INFO]: Notch lost connection: TextComponent{text='Disconnected', siblings=[], style=Style{hasParent=false, color=null, bold=null, italic=null, underlined=null, obfuscated=null, clickEvent=null, hoverEvent=null}}
[18:17:58] [Server thread/INFO]: Notch left the game
[18:19:14] [Server thread/INFO]: Stopping server
[18:19:14] [Server thread/INFO]: Saving players
[18:19:14] [Server thread/INFO]: Saving worlds
[18:19:14] [Server thread/INFO]: Saving chunks for level 'world'/Overworld
[18:19:14] [Server thread/INFO]: Saving chunks for level 'world'/Nether
[18:19:14] [Server thread/INFO]: Saving chunks for level 'world'/The End
[18:19:18] [Server thread/INFO]: Starting minecraft server version 1.7.10
[18:19:38] [Server thread/INFO]: Loading properties
[18:19:38] [Server thread/INFO]: Default game type: SURVIVAL
[18:19:38] [Server thread/INFO]: Generating keypair
[18:19:38] [Server thread/INFO]: Starting Minecraft server on *:25565
[18:19:39] [Server thread/WARN]: **** SERVER IS RUNNING IN OFFLINE/INSECUR[18:19:42] [Sound Library Loader/INFO]: Sound engine started
[18:19:43] [Client thread/INFO]: Created: 16x16 textures/blocks-atlas
[18:19:43] [Client thread/INFO]: Created: 16x16 textures/items-atlas
[18:19:43] [Client thread/INFO]: Reloading ResourceManager: Default, FMLFileResourcePack:Forge Mod Loader, FMLFileResourcePack:Minecraft Forge, FMLFileResourcePack:Daylies!, FMLFileResourcePack:IndustrialCraft 2
[18:19:47] [Client thread/INFO]: Created: 1024x512 textures/blocks-atlas
[18:19:47] [Client thread/INFO]: Created: 512x512 textures/items-atlas
[18:19:48] [Sound Library Loader/INFO]: Sound engine started
[18:19:55] [Client thread/INFO]: Connecting [18:19:55] [Server th[18:20:12] [Client thread/INFO]: Connecting to localhost, 25565
[18:20:15] [Client thread/FATAL]: Reported exception thrown!
net.minecraft.util.ReportedException: Rendering screen
	at net.minecraft.client.renderer.EntityRenderer.updateCameraAndRender(EntityRenderer.java:1168) ~[EntityRenderer.class:?]
	at net.minecraft.client.Minecraft.runGameLoop(Minecraft.java:1067) ~[Minecraft.class:?]
	at net.minecraft.client.Minecraft.run(Minecraft.java:962) [Minecraft.class:?]
	at net.minecraft.client.main.Main.main(Main.java:164) [Main.class:?]
	at sun.reflect.NativeMethodAccessorImpl.invoke0(Native Method) ~[?:1.8.0_131]
	at sun.reflect.NativeMethodAccessorImpl.invoke(Unknown Source) ~[?:1.8.0_131]
	at sun.reflect.DelegatingMethodAccessorImpl.invoke(Unknown Source) ~[?:1.8.0_131]
	at java.lang.reflect.Method.invoke(U[18:20:16] [Server thread/INFO]: Notch lost connection: TranslatableComponent{key='disconnect.genericReason', args=[Internal Exception: java.io.IOException: Удаленный хост принудительно разорвал существующее подключение], siblings=[], style=Style{hasParent=false, color=null, bold=null, italic=null, underlined=null, obfuscated=null, clickEvent=null, hoverEvent=null}}
[18:20:16] [Server thread/INFO]: Notch left the game
[18:24:02] [Server thread/INFO]: Notch[/127.0.0.1:55542] logged in with entity id 490 at (195.20103537667512, 75.96844262445083, 53.60385637358325)
[18:24:02] [Server thread/INFO]: Notch joined the game
[18:25:46] [Server thread/INFO]: Notch lost connection: TextComponent{text='Disconnected', siblings=[], style=Style{hasParent=false, color=null, bold=null, italic=null, underlined=null, obfuscated=null, clickEvent=null, hoverEvent=null}}
[18:25:46] [Server thread/INFO]: Notch left the game
[18:26:25] [Server thread/INFO]: Notch[/127.0.0.1:55596] logged in with entity id 4122 at (195.20103537667512, 75.96844262445083, 53.60385637358325)
[18:26:25] [Server thread/INFO]: Notch joined the game
[18:26:42] [Server thread/INFO]: Notch lost connection: TextComponent{text='Disconnected', siblings=[], style=Style{hasParent=false, color=null, bold=null, italic=null, underlined=null, obfuscated=null, clickEvent=null, hoverEvent=null}}
[18:26:42] [Server thread/INFO]: Notch left the game
[18:28:26] [Server thread/INFO]: Notch[/127.0.0.1:55643] logged in with entity id 4593 at (195.20103537667512, 75.96844262445083, 53.60385637358325)
[18:28:26] [Server thread/INFO]: Notch joined the game
[18:28:29] [Server thread/INFO]: Notch lost connection: TextComponent{text='Disconnected', siblings=[], style=Style{hasParent=false, color=null, bold=null, italic=null, underlined=null, obfuscated=null, clickEvent=null, hoverEvent=null}}
[18:28:29] [Server thread/INFO]: Notch left the game
[18:28:39] [Server thread/INFO]: Notch[/127.0.0.1:55646] logged in with entity id 4714 at (195.20103537667512, 75.96844262445083, 53.60385637358325)
[18:28:39] [Server thread/INFO]: Notch joined the game
[18:29:17] [Server thread/INFO]: Notch lost connection: TextComponent{text='Disconnected', siblings=[], style=Style{hasParent=false, color=null, bold=null, italic=null, underlined=null, obfuscated=null, clickEvent=null, hoverEvent=null}}
[18:29:17] [Server thread/INFO]: Notch left the game
[18:29:20] [Server thread/INFO]: Notch[/127.0.0.1:55649] logged in with entity id 5124 at (195.20103537667512, 75.96844262445083, 53.60385637358325)
[18:29:20] [Server thread/INFO]: Notch joined the game
[18:29:23] [Server thread/INFO]: Notch lost connection: TranslatableComponent{key='disconnect.genericReason', args=[Internal Exception: java.io.IOException: Программа на вашем хост-компьютере разорвала установленное подключение], siblings=[], style=Style{hasParent=false, color=null, bold=null, italic=null, underlined=null, obfuscated=null, clickEvent=null, hoverEvent=null}}
[18:29:23] [Server thread/INFO]: Notch left the game
[18:29:30] [Server thread/INFO]: Notch[/127.0.0.1:55651] logged in with entity id 5140 at (195.20103537667512, 75.96844262445083, 53.60385637358325)
[18:29:30] [Server thread/INFO]: Notch joined the game
[18:29:32] [Server thread/INFO]: Notch lost connection: TranslatableComponent{key='disconnect.genericReason', args=[Internal Exception: java.io.IOException: Программа на вашем хост-компьютере разорвала установленное подключение], siblings=[], style=Style{hasParent=false, color=null, bold=null, italic=null, underlined=null, obfuscated=null, clickEvent=null, hoverEvent=null}}
[18:29:32] [Server thread/INFO]: Notch left the game
[18:29:44] [Server thread/INFO]: Notch[/127.0.0.1:55656] logged in with entity id 5371 at (195.20103537667512, 75.96844262445083, 53.60385637358325)
[18:29:44] [Server thread/INFO]: Notch joined the game
[18:30:09] [Server thread/INFO]: Notch lost connection: TranslatableComponent{key='disconnect.timeout', args=[], siblings=[], style=Style{hasParent=false, color=null, bold=null, italic=null, underlined=null, obfuscated=null, clickEvent=null, hoverEvent=null}}
[18:30:09] [Server thread/INFO]: Notch left the[18:30:[18:30:10] [Server thread/INFO]: Notch lost connection[18:30:10] [Client thread/INFO]: [CHAT] Notch left the game
[18:30:12] [Client thread/INFO]: [CHAT] Notch left the game
[18:31:50] [Client thread/INFO]: Connecting to localhost, 25565
[18:32:06] [Client thread/INFO]: Connecting to localhost, 25565
[18:39:44] [Client thread/INFO]: Stopping!
tch lost connection: TranslatableComponent{key='disconnect.timeout', args=[], siblings=[], style=Style{hasParent=false, color=null, bold=null, italic=null, underlined=null, obfuscated=null, clickEvent=null, hoverEvent=null}}
[18:30:12] [Server thread/INFO]: Notch left the game
[18:30:14] [Server thread/INFO]: Notch lost connection: TextComponent{text='Disconnected', siblings=[], style=Style{hasParent=false, color=null, bold=null, italic=null, underlined=null, obfuscated=null, clickEvent=null, hoverEvent=null}}
[18:30:14] [Server thread/INFO]: Notch left the game
[18:31:50] [Server thread/INFO]: Notch[/127.0.0.1:55743] logged in with entity id 5979 at (195.20103537667512, 75.96844262445083, 53.60385637358325)
[18:31:50] [Server thread/INFO]: Notch joined the game
[18:32:01] [Server thread/INFO]: Notch lost connection: TextComponent{text='Disconnected', siblings=[], style=Style{hasParent=false, color=null, bold=null, italic=null, underlined=null, obfuscated=null, clickEvent=null, hoverEvent=null}}
[18:32:01] [Server thread/INFO]: Notch left the game
[18:32:06] [Server thread/INFO]: Notch[/127.0.0.1:55746] logged in with entity id 6244 at (195.20103537667512, 75.96844262445083, 53.60385637358325)
[18:32:06] [Server thread/INFO]: Notch joined the game
[18:32:39] [Server thread/INFO]: Notch lost connection: TextComponent{text='Disconnected', siblings=[], style=Style{hasParent=false, color=null, bold=null, italic=null, underlined=null, obfuscated=null, clickEvent=null, hoverEvent=null}}
[18:32:39] [Server thread/INFO]: Notch left the game
[18:40:21] [Server thread/INFO]: Notch[/127.0.0.1:55842] logged in with entity id 6779 at (195.20103537667512, 75.96844262445083, 53.60385637358325)
[18:40:21] [Server thread/INFO]: Notch joined the game
[18:40:34] [Server thread/INFO]: Notch lost connection: TextComponent{text='Disconnected', siblings=[], style=Style{hasParent=false, color=null, bold=null, italic=null, underlined=null, obfuscated=null, clickEvent=null, hoverEvent=null}}
[18:40:34] [Server thread/INFO]: Notch left the game
[18:40:47] [Server thread/INFO]: Notch[/127.0.0.1:55845] logged in with entity id 7573 at (195.20103537667512, 75.96844262445083, 53.60385637358325)
[18:40:47] [Server thread/INFO]: Notch joined the game
[18:41:12] [Server thread/INFO]: Notch lost connection: TextComponent{text='Disconnected', siblings=[], style=Style{hasParent=false, color=null, bold=null, italic=null, underlined=null, obfuscated=null, clickEvent=null, hoverEvent=null}}
[18:41:12] [Server thread/INFO]: Notch left the game
[18:42:04] [Server thread/INFO]: Notch[/127.0.0.1:55897] logged in with entity id 8440 at (195.20103537667512, 75.96844262445083, 53.60385637358325)
[18:42:04] [Server thread/INFO]: Notch joined the game
[18:42:07] [Server thread/INFO]: Notch lost connection: TextComponent{text='Disconnected', siblings=[], style=Style{hasParent=false, color=null, bold=null, italic=null, underlined=null, obfuscated=null, clickEvent=null, hoverEvent=null}}
[18:42:07] [Server thread/INFO]: Notch left the game
[18:42:14] [Server thread/INFO]: Notch[/127.0.0.1:55900] logged in with entity id 8631 at (195.20103537667512, 75.96844262445083, 53.60385637358325)
[18:42:14] [Server thread/INFO]: Notch joined the game
[18:42:32] [Server thread/INFO]: Notch lost connection: TextComponent{text='Disconnected', siblings=[], style=Style{hasParent=false, color=null, bold=null, italic=null, underlined=null, obfuscated=null, clickEvent=null, hoverEvent=null}}
[18:42:32] [Server thread/INFO]: Notch left the game
[18:42:34] [Server thread/INFO]: Notch[/127.0.0.1:55904] logged in with entity id 9221 at (195.20103537667512, 75.96844262445083, 53.60385637358325)
[18:42:34] [Server thread/INFO]: Notch joined the game
[18:42:43] [Server thread/INFO]: Notch lo[18:42:44] [Client thread/INFO]: Stopping!
sconnect.genericReason', args=[Internal Exception: java.io.IOException: Программа на вашем хост-компьютере разорвала установленное подключение], siblings=[], style=Style{hasParent=false, color=null, bold=null, italic=null, underlined=null, obfuscated=null, clickEvent=null, hoverEvent=null}}
[18:42:43] [Server thread/INFO]: Notch left the game
[18:43:34] [Server thread/INFO]: Notch[/127.0.0.1:55951] logged in with entity id 9380 at (195.20103537667512, 75.96844262445083, 53.60385637358325)
[18:43:34] [Server thread/INFO]: Notch joined the game
[18:43:37] [Server thread/INFO]: Notch lost connection: TranslatableComponent{key='disconnect.genericReason', args=[Internal Exception: java.io.IOException: Программа на вашем хост-компьютере разорвала установленное подключение], siblings=[], style=Style{hasParent=false, color=null, bold=null, italic=null, underlined=null, obfuscated=null, clickEvent=null, hoverEvent=null}}
[18:43:37] [Server thread/INFO]: Notch left the game
[18:44:46] [Server thread/INFO]: Notch[/127.0.0.1:56005] logged in with entity id 9394 at (195.20103537667512, 75.96844262445083, 53.60385637358325)
[18:44:46] [Server thread/INFO]: Notch joined the game
[18:47:43] [Server thread/INFO]: Stopping server
[18:47:43] [Server thread/INFO]: Saving players
[18:47:43] [Server thread/INFO]: Saving worlds
[18:47:43] [Server thread/INFO]: Saving chunks for level 'world'/Overworld
[18:47:43] [Server thread/INFO]: Saving chunks for level 'world'/Nether
[18:47:43] [Server thread/INFO]: Saving chunks for level 'world'/The End
 FMLFileResourcePack:Forge Mod Loader, FMLFileResourcePack:Minecraft Forge, FMLFileResourcePack:Daylies!, FMLFileResourcePack:IndustrialCraft 2
[18:44:19] [Sound Library Loader/INFO]: Sound engine started
[18:44:20] [Client thread/INFO]: Created: 16x16 textures/blocks-atlas
[18:44:20] [Client thread/INFO]: Created: 16x16 textures/items-atlas
[18:44:21] [Client thread/INFO]: Reloading ResourceManager: Default, FMLFileResourcePack:Forge Mod Loader, FMLFileResourcePack:Minecraft Forge, FMLFileResourcePack:Daylies!, FMLFileResourcePack:IndustrialCraft 2
[18:44:23] [Client thread/INFO]: Created: 1024x512 textures/blocks-atlas
[18:44:23] [Client thread/INFO]: Created: 512x512 textures/items-atlas
[18:44:24] [Sound Library Loader/INFO]: Sound engine started
[18:44:46] [Client thread/INFO]: Connecting to localhost, 25565
[18:56:10] [Client thread/INFO]: Connecting to localhost, 25565
[18:56:21] [Client thread/INFO]: Connecting to localhost, 25565
[19:00:43] [Client thread/INFO]: Connecting to localhost, 25565
[19:02:52] [Client thread/INFO]: Stopping!
ir
[18:56:02] [Server thread/INFO]: Starting Minecraft server on *:25565
[18:56:02] [Server thread/WARN]: **** SERVER IS RUNNING IN OFFLINE/INSECURE MODE!
[18:56:02] [Server thread/WARN]: The server will make no attempt to authenticate usernames. Beware.
[18:56:02] [Server thread/WARN]: While this makes the game possible to play without internet access, it also opens up the ability for hackers to connect with any username they choose.
[18:56:02] [Server thread/WARN]: To change this, set "online-mode" to "true" in the server.properties file.
[18:56:03] [Server thread/INFO]: Preparing level "world"
[18:56:04] [Server thread/INFO]: Preparing start region for level 0
[18:56:05] [Server thread/INFO]: Preparing spawn area: 36%
[18:56:05] [Server thread/INFO]: Done (2,181s)! For help, type "help" or "?"
[18:56:11] [Server thread/INFO]: Notch[/127.0.0.1:56229] logged in with entity id 262 at (195.20103537667512, 75.96844262445083, 53.60385637358325)
[18:56:11] [Server thread/INFO]: Notch joined the game
[18:56:13] [Server thread/INFO]: Notch lost connection: TextComponent{text='Disconnected', siblings=[], style=Style{hasParent=false, color=null, bold=null, italic=null, underlined=null, obfuscated=null, clickEvent=null, hoverEvent=null}}
[18:56:13] [Server thread/INFO]: Notch left the game
[18:56:22] [Server thread/INFO]: Notch[/127.0.0.1:56264] logged in with entity id 263 at (195.20103537667512, 75.96844262445083, 53.60385637358325)
[18:56:22] [Server thread/INFO]: Notch joined the game
[19:00:41] [Server thread/INFO]: Notch lost connection: TextComponent{text='Disconnected', siblings=[], style=Style{hasParent=false, color=null, bold=null, italic=null, underlined=null, obfuscated=null, clickEvent=null, hoverEvent=null}}
[19:00:41] [Server thread/INFO]: Notch left the game
[19:00:43] [Server thread/INFO]: Notch[/127.0.0.1:62452] logged in with entity id 4101 at (188.365163528862, 77.08109744685082, 48.63381521395601)
[19:00:43] [Server thread/INFO]: Notch joined the game
[19:02:52] [Server thread/INFO]: Notch lost connection: TranslatableComponent{key='disconnect.genericReason', args=[Internal Exception: java.io.IOException: Удаленный хост принудительно разорвал существующее подключение], siblings=[], style=Style{hasParent=false, color=null, bold=null, italic=null, underlined=null, obfuscated=null, clickEvent=null, hoverEvent=null}}
[19:02:52] [Server thread/INFO]: Notch left the game
[19:02:54] [Server thread/INFO]: Stopping server
[19:02:54] [Server thread/INFO]: Saving players
[19:02:54] [Server thread/INFO]: Saving worlds
[19:02:54] [Server thread/INFO]: Saving chunks for level 'world'/Overworld
[19:02:54] [Server thread/INFO]: Saving chunks for level 'world'/Nether
[19:02:54] [Server thread/INFO]: Saving chunks for level 'world'/The End
[19:30:26] [Server thread/INFO]: Starting minecraft server version 1.7.10
[19:30:41] [Server thread/INFO]: Loading properties
[19:30:41] [Server thread/INFO]: Default game type: SURVIVAL
[19:30:41] [Server thread/INFO]: Generating keypair
[19:30:41] [Server thread/INFO]: Starting Minecraft server on *:25565
[19:30:41] [Server thread/WARN]: **** SERVER IS RUNNING IN OFFLINE/INSECURE MODE!
[19:30:41] [Server thread/WARN]: The server will make no attempt to authenticate usernames. Beware.
[19:30:41] [Server thread/WARN]: While this makes the game possible to play without internet access, it also opens up the ability for hackers to connect with any username they choose.
[19:30:41] [Server thread/WARN]: To change this, set "online-mode" to "true" in the server.properties file.
[19:30:42] [Server thread/INFO]: Preparing level "world"
[19:30:42] [Server thread/INFO]: Preparing start region for level 0
[19:30:42] [Server thread/INFO]: Done (0,322s)! For help, type "help" or "?"
[19:30:42] [Server thread/INFO]: Stopping server
[19:30:42] [Server thread/INFO]: Saving players
[19:30:42] [Server thread/INFO]: Saving worlds
[19:30:42] [Server thread/INFO]: Saving chunks for level 'world'/Overworld
[19:30:42] [Server thread/INFO]: Saving chunks for level 'world'/Nether
[19:30:42] [Server thread/INFO]: Saving chunks for level 'world'/The End
[19:31:19] [main/INFO]: Setting user: Notch
[19:31:22] [Client thread/INFO]: LWJGL Version: 2.9.1
[19:31:41] [Client thread/INFO]: Reloading ResourceManager: Default, FMLFil[19:31:47] [Server thread/INFO]: Loading properties
[19:31:47] [Server thread/INFO]: Default game type: SURVIVAL
[19:31:47] [Server thread/INFO]: Generating keypair
[19:31:47] [Server thread/INFO]: Starting Minecraft server on *:25565
[19:31:48] [Server thread/WARN]: **** SERVER IS RUNNING IN OFFLINE/INSECURE MODE!
[19:31:48] [Server thread/WARN]: The server will make no attempt to authenticate usernames. Beware.
[19:31:48] [Server thread/WARN]: While this makes the game possible to play without internet access, it also opens up the ability f[19:31:50] [Client thread/INFO]: Created: 1024x512 textures/blocks-atlas
[19:31:51] [Client thread/INFO]: Created: 512x512 textures/items-atlas
[19:31:52] [Sound Library Loader/INFO]: Sound engine started
[19:32:23] [Client thread/INFO]: Connecting to localhost, 25565
[19:32:35] [Client thread/INFO]: [CHAT] Unknown command. Try /help for a list of commands
[19:32:36] [Client thread/INFO]: [CHAT] Unknown command. Try /help for a list of commands
[19:32:40] [Client thread/INFO]: [CHAT] Unknown command. Try /help for a list of commands
[19:32:44] [Client thread/INFO]: Stopping!
801922, 71.20000004768372, 52.668683533688935)
[19:32:24] [Server thread/INFO]: Notch joined the game
[19:32:41] [Server thread/INFO]: Notch lost connection: TextComponent{text='Disconnected', siblings=[], style=Style{hasParent=false, color=null, bold=null, italic=null, underlined=null, obfuscated=null, clickEvent=null, hoverEvent=null}}
[19:32:41] [Server thread/INFO]: Notch left the game
[19:32:45] [Server thread/INFO]: Stopping server
[19:32:45] [Server thread/INFO]: Saving players
[19:32:45] [Server thread/INFO]: Saving worlds
[19:32:45] [Server thread/INFO]: Saving chunks for level 'world'/Overworld
[19:32:45] [Server thread/INFO]: Saving chunks for level 'world'/Nether
[19:32:45] [Server thread/INFO]: Saving chunks for level 'world'/The End
[19:35:50] [main/INFO]: Setting user: Notch
[19:35:53] [Client thread/INFO]: LWJGL Version: 2.9.1
[19:36:12] [Client thread/INFO]: Reloading ResourceManager: Default, FMLFil[19:36:20] [Server thread/INFO]: Loading properties
[19:36:20] [Server thread/INFO]: Default game type: SURVIVAL
[19:36:20] [Server thread/INFO]: Generating keypair
[19:36:20] [Server thread/INFO]: Starting Minecraft server on *:25565
[19:36:21] [Server thread/WARN]: **** SERVER IS RUNNING IN OFFLINE/INSECURE MODE!
[19:36:21] [Server thread/WARN]: The server will make no attempt to authenticate usernames. Beware.
[19:36:21] [Server thread/WARN]: While this makes the game possible to play without internet access, it also opens up the ability f[19:36:21] [Client thread/INFO]: Created: 1024x512 textures/blocks-atlas
[19:36:21] [Client thread/INFO]: Created: 512x512 textures/items-atlas
[19:36:22] [Sound Library Loader/INFO]: Sound engine started
[19:36:29] [Client thread/INFO]: Connecting to localhost, 25565
[19:36:39] [Client thread/INFO]: Connecting to localhost, 25565
[19:36:54] [Client thread/INFO]: [CHAT] You do not have permission to use this command
[19:37:01] [Client thread/INFO]: [CHAT] [Server: Opped Notch]
[19:37:03] [Client thread/INFO]: [CHAT] Dailies reloaded!
[19:37:24] [Client thread/INFO]: Connecting to localhost, 25565
[19:37:31] [Client thread/INFO]: [CHAT] Dailies reloaded!
[19:37:47] [Client thread/INFO]: Connecting to localhost, 25565
[19:38:46] [Client thread/INFO]: Stopping!
=null, italic=null, underlined=null, obfuscated=null, clickEvent=null, hoverEvent=null}}
[19:36:32] [Server thread/INFO]: Notch left the game
[19:36:40] [Server thread/INFO]: Notch[/127.0.0.1:63044] logged in with entity id 314 at (203.27443153804268, 71.20000004768372, 51.72868322053861)
[19:36:40] [Server thread/INFO]: Notch joined the game
[19:37:01] [Server thread/INFO]: Opped Notch
[19:37:21] [Server thread/INFO]: Notch lost connection: TextComponent{text='Disconnected', siblings=[], style=Style{hasParent=false, color=null, bold=null, italic=null, underlined=null, obfuscated=null, clickEvent=null, hoverEvent=null}}
[19:37:21] [Server thread/INFO]: Notch left the game
[19:37:24] [Server thread/INFO]: Notch[/127.0.0.1:63047] logged in with entity id 1534 at (212.34271317953994, 71.20000004768372, 51.73507749984444)
[19:37:24] [Server thread/INFO]: Notch joined the game
[19:37:41] [Server thread/INFO]: Notch lost connection: TextComponent{text='Disconnected', siblings=[], style=Style{hasParent=false, color=null, bold=null, italic=null, underlined=null, obfuscated=null, clickEvent=null, hoverEvent=null}}
[19:37:41] [Server thread/INFO]: Notch left the game
[19:37:47] [Server thread/INFO]: Notch[/127.0.0.1:63056] logged in with entity id 1934 at (215.01262480934847, 71.20000004768372, 51.7357117043243)
[19:37:47] [Server thread/INFO]: Notch joined the game
[19:38:20] [Server thread/INFO]: Stopping server
[19:38:20] [Server thread/INFO]: Saving players
[19:38:20] [Server thread/INFO]: Saving worlds
[19:38:20] [Server thread/INFO]: Saving chunks for level 'world'/Overworld
[19:38:20] [Server thread/INFO]: Saving chunks for level 'world'/Nether
[19:38:20] [Server thread/INFO]: Saving chunks for level 'world'/The End
[21:28:47] [main/INFO]: Setting user: Notch
[21:28:50] [Client thread/INFO]: LWJGL Version: 2.9.1
[21:29:07] [Client thread/INFO]: Reloading ResourceManager: Default, FMLFileResourcePack:Forge Mod Loader, FMLFileResourcePack:Minecraft Forge, FMLFileResourcePack:Daylies!, FMLFileResourcePack:IndustrialCraft 2
[21:29:10] [Sound Library Loader/INFO]: Sound engine started
[21:29:11] [Client thread/INFO]: Created: 16x16 textures/blocks-atlas
[21:29:11] [Client thread/INFO]: Created: 16x16 textures/items-atlas
[21:29:11] [Client thread/INFO]: Reloading ResourceManager: Default, FMLFileResourcePack:Forge Mod Loader, FMLFileResourcePack:Minecraft Forge, FMLFileResourcePack:Daylies!, FMLFileResourcePack:IndustrialCraft 2
[21:29:13] [Client thread/INFO]: Created: 1024x512 textures/blocks-atlas
[21:29:14] [Client thread/INFO]: Created: 512x512 textures/items-atlas
[21:29:14] [Sound Library Loader/INFO]: Sound engine started
[21:33:03] [Client thread/INFO]: Stopping!
[21:33:22] [main/INFO]: Setting user: Notch
[21:33:25] [Client thread/INFO]: LWJGL Version: 2.9.1
[21:33:46] [Client thread/INFO]: Reloading ResourceManager: Default, FMLFil[21:33:50] [Server thread/INFO]: Loading properties
[21:33:50] [Server thread/INFO]: Default game type: SURVIVAL
[21:33:50] [Server thre[21:33:51] [Sound Library Loader/INFO]: Sound engine started
[21:33:51] [Client thread/INFO]: Created: 16x16 textures/blocks-atlas
[21:33:51] [Client thread/INFO]: Created: 16x16 textures/items-atlas
[21:33:52] [Client thread/INFO]: Reloading ResourceManager: Default, FMLFileResourcePack:Forge Mod Loader, FMLFileResourcePack:Minecraft Forge, FMLFileResourcePack:Daylies!, FMLFileResourcePack:IndustrialCraft 2
[21:33:55] [Client thread/INFO]: Created: 1024x512 textures/blocks-atlas
[21:33:55] [Client thread/INFO]: Created: 512x512 textures/items-atlas
[21:33:56] [Sound Library Loader/INFO]: Sound engine started
[21:35:45] [Client thread/INFO]: Connecting to localhost, 25565
[21:36:06] [Client thread/INFO]: Connecting to localhost, 25565
[21:36:15] [Client thread/INFO]: [CHAT] Unknown command. Try /help for a list of commands
[21:36:55] [Client thread/INFO]: [CHAT] [Server: Opped Notch]
[21:37:10] [Client thread/INFO]: [CHAT] Dailies reloaded!
[21:38:58] [Client thread/INFO]: Connecting to localhost, 25565
[21:43:38] [Client thread/INFO]: Connecting to localhost, 25565
[22:08:10] [Client thread/INFO]: Warning: Clientside chunk ticking took 109 ms
[22:08:12] [Client thread/INFO]: Warning: Clientside chunk ticking took 101 ms
[22:08:12] [Client thread/INFO]: Warning: Clientside chunk ticking took 106 ms
[22:12:26] [Client thread/INFO]: Connecting to localhost, 25565
[22:12:32] [Client thread/INFO]: [CHAT] Unknown command. Try /help for a list of commands
[22:12:35] [Client thread/INFO]: [CHAT] Must be write a task!
[22:12:37] [Client thread/INFO]: [CHAT] Dailies reloaded!
[22:12:48] [Client thread/INFO]: [CHAT] An unknown error occurred while attempting to perform this command
[22:15:31] [Client thread/INFO]: Connecting to localhost, 25565
[22:15:33] [Client thread/INFO]: Connecting to localhost, 25565
[22:16:01] [Client thread/INFO]: [CHAT] Notch left the game
[22:16:04] [Client thread/INFO]: Stopping!
aving chunks for level 'world'/Overworld
[21:38:11] [Server thread/INFO]: Saving chunks for level 'world'/Nether
[21:38:11] [Server thread/INFO]: Saving chunks for level 'world'/The End
[21:38:32] [Server thread/INFO]: Starting minecraft server version 1.7.10
[21:38:48] [Server thread/INFO]: Loading properties
[21:38:48] [Server thread/INFO]: Default game type: SURVIVAL
[21:38:48] [Server thread/INFO]: Generating keypair
[21:38:48] [Server thread/INFO]: Starting Minecraft server on *:25565
[21:38:48] [Server thread/WARN]: **** SERVER IS RUNNING IN OFFLINE/INSECURE MODE!
[21:38:48] [Server thread/WARN]: The server will make no attempt to authenticate usernames. Beware.
[21:38:48] [Server thread/WARN]: While this makes the game possible to play without internet access, it also opens up the ability for hackers to connect with any username they choose.
[21:38:48] [Server thread/WARN]: To change this, set "online-mode" to "true" in the server.properties file.
[21:38:49] [Server thread/INFO]: Preparing level "world"
[21:38:50] [Server thread/INFO]: Preparing start region for level 0
[21:38:51] [Server thread/INFO]: Preparing spawn area: 58%
[21:38:51] [Server thread/INFO]: Done (2,032s)! For help, type "help" or "?"
[21:38:59] [Server thread/INFO]: Notch[/127.0.0.1:52041] logged in with entity id 221 at (226.80325964206872, 69.0, 52.1075182100789)
[21:38:59] [Server thread/INFO]: Notch joined the game
[21:40:43] [Server thread/INFO]: Stopping server
[21:40:43] [Server thread/INFO]: Saving players
[21:40:43] [Server thread/INFO]: Saving worlds
[21:40:43] [Server thread/INFO]: Saving chunks for level 'world'/Overworld
[21:40:43] [Server thread/INFO]: Saving chunks for level 'world'/Nether
[21:40:43] [Server thread/INFO]: Saving chunks for level 'world'/The End
[21:43:03] [Server thread/INFO]: Starting minecraft server version 1.7.10
[21:43:17] [Server thread/INFO]: Loading properties
[21:43:17] [Server thread/INFO]: Default game type: SURVIVAL
[21:43:17] [Server thread/INFO]: Generating keypair
[21:43:18] [Server thread/INFO]: Starting Minecraft server on *:25565
[21:43:18] [Server thread/WARN]: **** SERVER IS RUNNING IN OFFLINE/INSECURE MODE!
[21:43:18] [Server thread/WARN]: The server will make no attempt to authenticate usernames. Beware.
[21:43:18] [Server thread/WARN]: While this makes the game possible to play without internet access, it also opens up the ability for hackers to connect with any username they choose.
[21:43:18] [Server thread/WARN]: To change this, set "online-mode" to "true" in the server.properties file.
[21:43:18] [Server thread/INFO]: Preparing level "world"
[21:43:19] [Server thread/INFO]: Preparing start region for level 0
[21:43:20] [Server thread/INFO]: Preparing spawn area: 48%
[21:43:20] [Server thread/INFO]: Done (1,930s)! For help, type "help" or "?"
[21:43:38] [Server thread/INFO]: Notch[/127.0.0.1:52171] logged in with entity id 214 at (221.04165985599468, 69.0, 52.31832766260134)
[21:43:38] [Server thread/INFO]: Notch joined the game
[22:11:32] [Server thread/INFO]: Stopping server
[22:11:32] [Server thread/INFO]: Saving players
[22:11:32] [Server thread/INFO]: Saving worlds
[22:11:32] [Server thread/INFO]: Saving chunks for level 'world'/Overworld
[22:11:32] [Server thread/INFO]: Saving chunks for level 'world'/Nether
[22:11:32] [Server thread/INFO]: Saving chunks for level 'world'/The End
[22:11:41] [Server thread/INFO]: Starting minecraft server version 1.7.10
[22:11:56] [Server thread/INFO]: Loading properties
[22:11:56] [Server thread/INFO]: Default game type: SURVIVAL
[22:11:56] [Server thread/INFO]: Generating keypair
[22:11:56] [Server thread/INFO]: Starting Minecraft server on *:25565
[22:11:56] [Server thread/WARN]: **** SERVER IS RUNNING IN OFFLINE/INSECURE MODE!
[22:11:56] [Server thread/WARN]: The server will make no attempt to authenticate usernames. Beware.
[22:11:56] [Server thread/WARN]: While this makes the game possible to play without internet access, it also opens up the ability for hackers to connect with any username they choose.
[22:11:56] [Server thread/WARN]: To change this, set "online-mode" to "true" in the server.properties file.
[22:11:57] [Server thread/INFO]: Preparing level "world"
[22:11:57] [Server thread/INFO]: Preparing start region for level 0
[22:11:58] [Server thread/INFO]: Preparing spawn area: 49%
[22:11:59] [Server thread/INFO]: Done (2,016s)! For help, type "help" or "?"
[22:12:26] [Server thread/INFO]: Notch[/127.0.0.1:52337] logged in with entity id 254 at (300.0612470905853, 76.81034401358045, 118.89073803513647)
[22:12:26] [Server thread/INFO]: Notch joined the game
[22:12:48] [Server thread/ERROR]: Couldn't process command: 'dailies nextday Notcssa'
java.lang.NullPointerException
	at ru.stepan1404.daylies.utils.RewardBase.nextDay(RewardBase.java:94) ~[RewardBase.class:?]
	at ru.stepan1404.daylies.commands.ReloadCommand.processCommand(ReloadCommand.java:31) ~[ReloadCommand.class:?]
	at net.minecraft.command.CommandHandler.executeCommand(CommandHandler.java:96) [CommandHandler.class:?]
	at net.minecraft.network.NetHandlerPlayServer.handleSlashCommand(NetHandlerPlayServer.java:788) [NetHandlerPlayServer.class:?]
	at net.minecraft.network.NetHandlerPlayServer.processChatMessage(NetHandlerPlayServer.java:764) [NetHandlerPlayServer.class:?]
	at net.minecraft.network.play.client.C01PacketChatMessage.processPacket(C01PacketChatMessage.java:47) [C01PacketChatMessage.class:?]
	at net.minecraft.network.play.client.C01PacketChatMessage.processPacket(C01PacketChatMessage.java:68) [C01PacketChatMessage.class:?]
	at net.minecraft.network.NetworkManager.processReceivedPackets(NetworkManager.java:241) [NetworkManager.class:?]
	at net.minecraft.network.NetworkSystem.networkTick(NetworkSystem.java:182) [NetworkSystem.class:?]
	at net.minecraft.server.MinecraftServer.updateTimeLightAndEntities(MinecraftServer.java:726) [MinecraftServer.class:?]
	at net.minecraft.server.dedicated.DedicatedServer.updateTimeLightAndEntities(DedicatedServer.java:349) [DedicatedServer.class:?]
	at net.minecraft.server.MinecraftServer.tick(MinecraftServer.java:614) [MinecraftServer.class:?]
	at net.minecraft.server.MinecraftServer.run(MinecraftServer.java:485) [MinecraftServer.class:?]
	at net.minecraft.server.MinecraftServer$2.run(MinecraftServer.java:752) [MinecraftServer$2.class:?]
[22:13:28] [Server thread/INFO]: Stopping server
[22:13:28] [Server thread/INFO]: Saving players
[22:13:28] [Server thread/INFO]: Saving worlds
[22:13:28] [Server thread/INFO]: Saving chunks for level 'world'/Overworld
[22:13:28] [Server thread/INFO]: Saving chunks for level 'world'/Nether
[22:13:28] [Server thread/INFO]: Saving chunks for level 'world'/The End
[22:13:37] [Server thread/INFO]: Starting minecraft server version 1.7.10
[22:13:51] [Server thread/INFO]: Loading properties
[22:13:51] [Server thread/INFO]: Default game type: SURVIVAL
[22:13:51] [Server thread/INFO]: Generating keypair
[22:13:51] [Server thread/INFO]: Starting Minecraft server on *:25565
[22:13:51] [Server thread/WARN]: **** SERVER IS RUNNING IN OFFLINE/INSECURE MODE!
[22:13:51] [Server thread/WARN]: The server will make no attempt to authenticate usernames. Beware.
[22:13:51] [Server thread/WARN]: While this makes the game possible to play without internet access, it also opens up the ability for hackers to connect with any username they choose.
[22:13:51] [Server thread/WARN]: To change this, set "online-mode" to "true" in the server.properties file.
[22:13:52] [Server thread/INFO]: Preparing level "world"
[22:13:53] [Server thread/INFO]: Preparing start region for level 0
[22:13:54] [Server thread/INFO]: Preparing spawn area: 37%
[22:13:54] [Server thread/INFO]: Done (1,808s)! For help, type "help" or "?"
[22:15:34] [Server thread/INFO]: Notch[/127.0.0.1:52453] logged in with entity id 269 at (280.2974884425969, 70.0, 112.37794377932471)
[22:15:34] [Server thread/INFO]: Notch joined the game
[22:16:01] [Server thread/INFO]: Notch lost connection: TranslatableComponent{key='disconnect.timeout', args=[], siblings=[], style=Style{hasParent=false, color=null, bold=null, italic=null, underlined=null, obfuscated=null, clickEvent=null, hoverEvent=null}}
[22:16:01] [Server thread/INFO]: Notch left the game
[22:16:04] [Server thread/INFO]: Notch lost connection: TextComponent{text='Disconnected', siblings=[], style=Style{hasParent=false, color=null, bold=null, italic=null, underlined=null, obfuscated=null, clickEvent=null, hoverEvent=null}}
[22:16:04] [Server thread/INFO]: Notch left the game
[22:17:36] [Server thread/INFO]: Stopping server
[22:17:36] [Server thread/INFO]: Saving players
[22:17:36] [Server thread/INFO]: Saving worlds
[22:17:36] [Server thread/INFO]: Saving chunks for level 'world'/Overworld
[22:17:37] [Server thread/INFO]: Saving chunks for level 'world'/Nether
[22:17:37] [Server thread/INFO]: Saving chunks for level 'world'/The End
[22:17:51] [Server thread/INFO]: Starting minecraft server version 1.7.10
